<?xml version="1.0" encoding="UTF-8"?>
<!-- Generated by org.testng.reporters.JUnitXMLReporter -->
<testsuite ignored="0" hostname="LAPTOP-6251B6GC" failures="0" tests="4" name="Default test" time="6.608" errors="0" timestamp="2024-05-05T00:54:32 IST">
  <testcase classname="org.flipkart.com.TestCase1" name="setUp" time="1.907"/>
  <testcase classname="org.flipkart.com.TestCase1" name="Login" time="2.023"/>
  <testcase classname="org.flipkart.com.TestCase1" name="SearchText" time="0.375"/>
  <testcase classname="org.flipkart.com.TestCase1" name="tearDown" time="2.256"/>
</testsuite> <!-- Default test -->
