<?xml version="1.0" encoding="UTF-8"?>
<!-- Generated by org.testng.reporters.JUnitXMLReporter -->
<testsuite ignored="0" hostname="LAPTOP-6251B6GC" failures="0" tests="4" name="Test" time="10.809" errors="0" timestamp="2024-05-05T00:56:16 IST">
  <testcase classname="org.flipkart.com.TestCase1" name="setUp" time="1.588"/>
  <testcase classname="org.flipkart.com.TestCase1" name="Login" time="1.926"/>
  <testcase classname="org.flipkart.com.TestCase1" name="SearchText" time="0.38"/>
  <testcase classname="org.flipkart.com.TestCase1" name="tearDown" time="6.872"/>
</testsuite> <!-- Test -->
