<?xml version="1.0" encoding="UTF-8"?>
<testng-results ignored="0" total="4" passed="4" failed="0" skipped="0">
  <reporter-output>
  </reporter-output>
  <suite started-at="2024-05-05T23:28:50 IST" name="Suite" finished-at="2024-05-05T23:29:02 IST" duration-ms="11667">
    <groups>
    </groups>
    <test started-at="2024-05-05T23:28:50 IST" name="Test" finished-at="2024-05-05T23:29:02 IST" duration-ms="11667">
      <class name="org.flipkart.com.TestCase1">
        <test-method signature="setUp()[pri:0, instance:org.flipkart.com.TestCase1@123ef382]" started-at="2024-05-05T23:28:50 IST" name="setUp" finished-at="2024-05-05T23:28:52 IST" duration-ms="1769" status="PASS">
          <reporter-output>
          </reporter-output>
        </test-method> <!-- setUp -->
        <test-method signature="Login()[pri:1, instance:org.flipkart.com.TestCase1@123ef382]" started-at="2024-05-05T23:28:52 IST" name="Login" finished-at="2024-05-05T23:28:56 IST" duration-ms="4119" status="PASS">
          <reporter-output>
          </reporter-output>
        </test-method> <!-- Login -->
        <test-method signature="SearchText()[pri:2, instance:org.flipkart.com.TestCase1@123ef382]" started-at="2024-05-05T23:28:56 IST" name="SearchText" finished-at="2024-05-05T23:28:56 IST" duration-ms="453" status="PASS">
          <reporter-output>
          </reporter-output>
        </test-method> <!-- SearchText -->
        <test-method signature="tearDown()[pri:3, instance:org.flipkart.com.TestCase1@123ef382]" started-at="2024-05-05T23:28:56 IST" name="tearDown" finished-at="2024-05-05T23:29:02 IST" duration-ms="5269" status="PASS">
          <reporter-output>
          </reporter-output>
        </test-method> <!-- tearDown -->
      </class> <!-- org.flipkart.com.TestCase1 -->
    </test> <!-- Test -->
  </suite> <!-- Suite -->
</testng-results>
