<?xml version="1.0" encoding="UTF-8"?>
<testng-results ignored="0" total="4" passed="4" failed="0" skipped="0">
  <reporter-output>
  </reporter-output>
  <suite started-at="2024-05-05T00:56:05 IST" name="Suite" finished-at="2024-05-05T00:56:16 IST" duration-ms="10809">
    <groups>
    </groups>
    <test started-at="2024-05-05T00:56:05 IST" name="Test" finished-at="2024-05-05T00:56:16 IST" duration-ms="10809">
      <class name="org.flipkart.com.TestCase1">
        <test-method signature="setUp()[pri:0, instance:org.flipkart.com.TestCase1@2fd1433e]" started-at="2024-05-05T00:56:05 IST" name="setUp" finished-at="2024-05-05T00:56:07 IST" duration-ms="1588" status="PASS">
          <reporter-output>
          </reporter-output>
        </test-method> <!-- setUp -->
        <test-method signature="Login()[pri:1, instance:org.flipkart.com.TestCase1@2fd1433e]" started-at="2024-05-05T00:56:07 IST" name="Login" finished-at="2024-05-05T00:56:09 IST" duration-ms="1926" status="PASS">
          <reporter-output>
          </reporter-output>
        </test-method> <!-- Login -->
        <test-method signature="SearchText()[pri:2, instance:org.flipkart.com.TestCase1@2fd1433e]" started-at="2024-05-05T00:56:09 IST" name="SearchText" finished-at="2024-05-05T00:56:09 IST" duration-ms="380" status="PASS">
          <reporter-output>
          </reporter-output>
        </test-method> <!-- SearchText -->
        <test-method signature="tearDown()[pri:3, instance:org.flipkart.com.TestCase1@2fd1433e]" started-at="2024-05-05T00:56:09 IST" name="tearDown" finished-at="2024-05-05T00:56:16 IST" duration-ms="6872" status="PASS">
          <reporter-output>
          </reporter-output>
        </test-method> <!-- tearDown -->
      </class> <!-- org.flipkart.com.TestCase1 -->
    </test> <!-- Test -->
  </suite> <!-- Suite -->
</testng-results>
